\BOOKMARK [2][]{mokuji.2}{目次}{}% 1
\BOOKMARK [1][]{section.1}{1 本体}{}% 2
\BOOKMARK [2][]{subsection.1.1}{1.1 鏡面}{section.1}% 3
\BOOKMARK [2][]{section*.2}{Animation.cpp}{section.1}% 4
\BOOKMARK [2][]{section*.3}{Bezier.cpp}{section.1}% 5
\BOOKMARK [2][]{section*.4}{Button.cpp}{section.1}% 6
\BOOKMARK [2][]{section*.5}{CommonText.cpp}{section.1}% 7
\BOOKMARK [2][]{section*.6}{Draw.cpp}{section.1}% 8
\BOOKMARK [2][]{section*.7}{DrawGraph.cpp}{section.1}% 9
\BOOKMARK [2][]{section*.8}{DrawObject.cpp}{section.1}% 10
\BOOKMARK [2][]{section*.9}{DrawText.cpp}{section.1}% 11
\BOOKMARK [2][]{section*.10}{Font.cpp}{section.1}% 12
\BOOKMARK [2][]{section*.11}{Grading.cpp}{section.1}% 13
\BOOKMARK [2][]{section*.12}{Kinect.cpp}{section.1}% 14
\BOOKMARK [2][]{section*.13}{KinectBody.cpp}{section.1}% 15
\BOOKMARK [2][]{section*.14}{MaiKagami.cpp}{section.1}% 16
\BOOKMARK [2][]{section*.15}{Main.cpp}{section.1}% 17
\BOOKMARK [2][]{section*.16}{ModeSelect.cpp}{section.1}% 18
\BOOKMARK [2][]{section*.17}{Nfc.cpp}{section.1}% 19
\BOOKMARK [2][]{section*.18}{PartMain.cpp}{section.1}% 20
\BOOKMARK [2][]{section*.19}{PartOption.cpp}{section.1}% 21
\BOOKMARK [2][]{section*.20}{PartOptionPop.cpp}{section.1}% 22
\BOOKMARK [2][]{section*.21}{PartPause.cpp}{section.1}% 23
\BOOKMARK [2][]{section*.22}{PartPlay.cpp}{section.1}% 24
\BOOKMARK [2][]{section*.23}{PartResult.cpp}{section.1}% 25
\BOOKMARK [2][]{section*.24}{PartResultMain.cpp}{section.1}% 26
\BOOKMARK [2][]{section*.25}{PauseScreen.cpp}{section.1}% 27
\BOOKMARK [2][]{section*.26}{PlayScreen.cpp}{section.1}% 28
\BOOKMARK [2][]{section*.27}{PlayScreenObject.cpp}{section.1}% 29
\BOOKMARK [2][]{section*.28}{Result.cpp}{section.1}% 30
\BOOKMARK [2][]{section*.29}{Scene.cpp}{section.1}% 31
\BOOKMARK [2][]{section*.30}{SettingPop.cpp}{section.1}% 32
\BOOKMARK [2][]{section*.31}{Song.cpp}{section.1}% 33
\BOOKMARK [2][]{section*.32}{Songs.cpp}{section.1}% 34
\BOOKMARK [2][]{section*.33}{SongSelect.cpp}{section.1}% 35
\BOOKMARK [2][]{section*.34}{SongSelectCommon.cpp}{section.1}% 36
\BOOKMARK [2][]{section*.35}{SongSelectCover.cpp}{section.1}% 37
\BOOKMARK [2][]{section*.36}{SongSelectMain.cpp}{section.1}% 38
\BOOKMARK [2][]{section*.37}{StartScreen.cpp}{section.1}% 39
\BOOKMARK [2][]{section*.38}{ThroughDetail.cpp}{section.1}% 40
\BOOKMARK [2][]{section*.39}{ThroughMain.cpp}{section.1}% 41
\BOOKMARK [2][]{section*.40}{ThroughOption.cpp}{section.1}% 42
\BOOKMARK [2][]{section*.41}{ThroughPause.cpp}{section.1}% 43
\BOOKMARK [2][]{section*.42}{ThroughPlay.cpp}{section.1}% 44
\BOOKMARK [2][]{section*.43}{ThroughResult.cpp}{section.1}% 45
\BOOKMARK [2][]{section*.44}{ThroughResultMain.cpp}{section.1}% 46
\BOOKMARK [2][]{section*.45}{ThroughResultObject.cpp}{section.1}% 47
\BOOKMARK [2][]{section*.46}{ThroughStart.cpp}{section.1}% 48
\BOOKMARK [2][]{section*.47}{Top.cpp}{section.1}% 49
\BOOKMARK [2][]{section*.48}{TopMain.cpp}{section.1}% 50
\BOOKMARK [2][]{section*.49}{Touch.cpp}{section.1}% 51
\BOOKMARK [2][]{section*.50}{User.cpp}{section.1}% 52
\BOOKMARK [2][]{section*.51}{Animation.h}{section.1}% 53
\BOOKMARK [2][]{section*.52}{Bezier.h}{section.1}% 54
\BOOKMARK [2][]{section*.53}{Button.h}{section.1}% 55
\BOOKMARK [2][]{section*.54}{CommonText.h}{section.1}% 56
\BOOKMARK [2][]{section*.55}{Draw.h}{section.1}% 57
\BOOKMARK [2][]{section*.56}{DrawGraph.h}{section.1}% 58
\BOOKMARK [2][]{section*.57}{DrawObject.h}{section.1}% 59
\BOOKMARK [2][]{section*.58}{DrawText.h}{section.1}% 60
\BOOKMARK [2][]{section*.59}{Font.h}{section.1}% 61
\BOOKMARK [2][]{section*.60}{Grading.h}{section.1}% 62
\BOOKMARK [2][]{section*.61}{Kinect.h}{section.1}% 63
\BOOKMARK [2][]{section*.62}{KinectBody.h}{section.1}% 64
\BOOKMARK [2][]{section*.63}{MaiKagami.h}{section.1}% 65
\BOOKMARK [2][]{section*.64}{Main.h}{section.1}% 66
\BOOKMARK [2][]{section*.65}{ModeSelect.h}{section.1}% 67
\BOOKMARK [2][]{section*.66}{Nfc.h}{section.1}% 68
\BOOKMARK [2][]{section*.67}{PartDefine.h}{section.1}% 69
\BOOKMARK [2][]{section*.68}{PartMain.h}{section.1}% 70
\BOOKMARK [2][]{section*.69}{PartOption.h}{section.1}% 71
\BOOKMARK [2][]{section*.70}{PartOptionPop.h}{section.1}% 72
\BOOKMARK [2][]{section*.71}{PartPause.h}{section.1}% 73
\BOOKMARK [2][]{section*.72}{PartPlay.h}{section.1}% 74
\BOOKMARK [2][]{section*.73}{PartResult.h}{section.1}% 75
\BOOKMARK [2][]{section*.74}{PartResultDefine.h}{section.1}% 76
\BOOKMARK [2][]{section*.75}{PartResultMain.h}{section.1}% 77
\BOOKMARK [2][]{section*.76}{PauseScreen.h}{section.1}% 78
\BOOKMARK [2][]{section*.77}{PlayScreen.h}{section.1}% 79
\BOOKMARK [2][]{section*.78}{PlayScreenObject.h}{section.1}% 80
\BOOKMARK [2][]{section*.79}{Result.h}{section.1}% 81
\BOOKMARK [2][]{section*.80}{Scene.h}{section.1}% 82
\BOOKMARK [2][]{section*.81}{SeetingPop.h}{section.1}% 83
\BOOKMARK [2][]{section*.82}{Song.h}{section.1}% 84
\BOOKMARK [2][]{section*.83}{Songs.h}{section.1}% 85
\BOOKMARK [2][]{section*.84}{SongSelect.h}{section.1}% 86
\BOOKMARK [2][]{section*.85}{SongSelectCommon.h}{section.1}% 87
\BOOKMARK [2][]{section*.86}{SongSelectCover.h}{section.1}% 88
\BOOKMARK [2][]{section*.87}{SongSelectDefine.h}{section.1}% 89
\BOOKMARK [2][]{section*.88}{SongSelectMain.h}{section.1}% 90
\BOOKMARK [2][]{section*.89}{StartScreen.h}{section.1}% 91
\BOOKMARK [2][]{section*.90}{stdafx.h}{section.1}% 92
\BOOKMARK [2][]{section*.91}{ThroughDefine.h}{section.1}% 93
\BOOKMARK [2][]{section*.92}{ThroughDetail.h}{section.1}% 94
\BOOKMARK [2][]{section*.93}{ThroughMain.h}{section.1}% 95
\BOOKMARK [2][]{section*.94}{ThroughOption.h}{section.1}% 96
\BOOKMARK [2][]{section*.95}{ThroughPause.h}{section.1}% 97
\BOOKMARK [2][]{section*.96}{ThroughPlay.h}{section.1}% 98
\BOOKMARK [2][]{section*.97}{ThroughResult.h}{section.1}% 99
\BOOKMARK [2][]{section*.98}{ThroughResultDefine.h}{section.1}% 100
\BOOKMARK [2][]{section*.99}{ThroughResultMain.h}{section.1}% 101
\BOOKMARK [2][]{section*.100}{ThroughResultObject.h}{section.1}% 102
\BOOKMARK [2][]{section*.101}{ThroughStart.h}{section.1}% 103
\BOOKMARK [2][]{section*.102}{Top.h}{section.1}% 104
\BOOKMARK [2][]{section*.103}{TopMain.h}{section.1}% 105
\BOOKMARK [2][]{section*.104}{Touch.h}{section.1}% 106
\BOOKMARK [2][]{section*.105}{User.h}{section.1}% 107
\BOOKMARK [2][]{subsection.1.2}{1.2 動画アップロード用}{section.1}% 108
\BOOKMARK [2][]{section*.106}{MaiUploader.java}{section.1}% 109
\BOOKMARK [2][]{section*.107}{MyYouTube.java}{section.1}% 110
\BOOKMARK [2][]{section*.108}{Code.java}{section.1}% 111
\BOOKMARK [1][]{section.2}{2 Webサーバ}{}% 112
\BOOKMARK [2][]{subsection.2.1}{2.1 HTML}{section.2}% 113
\BOOKMARK [2][]{section*.109}{list.html}{section.2}% 114
\BOOKMARK [2][]{subsection.2.2}{2.2 PHP}{section.2}% 115
\BOOKMARK [2][]{section*.110}{apivideo.php}{section.2}% 116
\BOOKMARK [2][]{section*.111}{apihistory.php}{section.2}% 117
\BOOKMARK [2][]{section*.112}{apiadd.php}{section.2}% 118
\BOOKMARK [2][]{section*.113}{list.php}{section.2}% 119
\BOOKMARK [2][]{section*.114}{login.php}{section.2}% 120
\BOOKMARK [2][]{section*.115}{logout.php}{section.2}% 121
\BOOKMARK [2][]{section*.116}{main.php}{section.2}% 122
\BOOKMARK [2][]{section*.117}{makehistorytable.php}{section.2}% 123
\BOOKMARK [2][]{section*.118}{music.php}{section.2}% 124
\BOOKMARK [2][]{section*.119}{video.php}{section.2}% 125
\BOOKMARK [2][]{subsection.2.3}{2.3 CSS}{section.2}% 126
\BOOKMARK [2][]{section*.120}{css/style.css}{section.2}% 127
\BOOKMARK [2][]{subsection.2.4}{2.4 Javascript}{section.2}% 128
\BOOKMARK [2][]{section*.121}{js/drawerNav.js}{section.2}% 129
\BOOKMARK [2][]{section*.122}{js/scroll.js}{section.2}% 130
\BOOKMARK [1][]{section.3}{3 NFCリーダ用 Android アプリケーション}{}% 131
\BOOKMARK [2][]{section*.123}{MainActivity.java}{section.3}% 132
\BOOKMARK [2][]{section*.124}{MyNfc.java}{section.3}% 133
\BOOKMARK [2][]{section*.125}{UsbMessage.java}{section.3}% 134
\BOOKMARK [2][]{section*.126}{AndroidManifest.xml}{section.3}% 135
